-------------------------------------------------------------------------------
Test set: Data Tables Feature
-------------------------------------------------------------------------------
Tests run: 1, Failures: 1, Errors: 0, Skipped: 0, Time elapsed: 4.740 s <<< FAILURE! -- in Data Tables Feature
Data Tables Feature.Data Tables Test -- Time elapsed: 4.547 s <<< FAILURE!
java.lang.AssertionError
	at org.junit.Assert.fail(Assert.java:87)
	at org.junit.Assert.fail(Assert.java:96)
	at stepdefinitions.CommonStepDef.iFailTheTest(CommonStepDef.java:55)
	at âœ½.I fail the test(file:///Users/suleymankirkil/IdeaProjects/SDA-2024-Onsite-Cucumber/src/test/resources/features/dataTables.feature:9)

